2019-09-20 15:28:48.979  INFO 16962 --- [main] test.Application                         : Starting Application on dcminideMacBook-Pro.local with PID 16962 (/Users/dcmini/Documents/study2/mygithub/spring-base-learn/02Simple/code/target/classes started by dcmini in /Users/dcmini/Documents/study2/mygithub/spring-base-learn/02Simple/code)
2019-09-20 15:28:48.983  INFO 16962 --- [main] test.Application                         : No active profile set, falling back to default profiles: default
2019-09-20 15:28:49.958  INFO 16962 --- [main] o.s.b.w.embedded.tomcat.TomcatWebServer  : Tomcat initialized with port(s): 8080 (http)
2019-09-20 15:28:49.991  INFO 16962 --- [main] o.apache.catalina.core.StandardService   : Starting service [Tomcat]
2019-09-20 15:28:49.992  INFO 16962 --- [main] org.apache.catalina.core.StandardEngine  : Starting Servlet engine: [Apache Tomcat/9.0.21]
2019-09-20 15:28:50.096  INFO 16962 --- [main] o.a.c.c.C.[Tomcat].[localhost].[/]       : Initializing Spring embedded WebApplicationContext
2019-09-20 15:28:50.097  INFO 16962 --- [main] o.s.web.context.ContextLoader            : Root WebApplicationContext: initialization completed in 1047 ms
2019-09-20 15:28:50.368  INFO 16962 --- [main] o.s.s.concurrent.ThreadPoolTaskExecutor  : Initializing ExecutorService 'applicationTaskExecutor'
2019-09-20 15:28:50.581  INFO 16962 --- [main] o.s.b.w.embedded.tomcat.TomcatWebServer  : Tomcat started on port(s): 8080 (http) with context path ''
2019-09-20 15:28:50.585  INFO 16962 --- [main] test.Application                         : Started Application in 2.154 seconds (JVM running for 4.908)
2019-09-20 15:57:47.089  INFO 16962 --- [Thread-4] o.s.s.concurrent.ThreadPoolTaskExecutor  : Shutting down ExecutorService 'applicationTaskExecutor'
2019-09-20 15:57:52.224  INFO 17191 --- [main] test.Application                         : Starting Application on dcminideMacBook-Pro.local with PID 17191 (/Users/dcmini/Documents/study2/mygithub/spring-base-learn/02Simple/code/target/classes started by dcmini in /Users/dcmini/Documents/study2/mygithub/spring-base-learn/02Simple/code)
2019-09-20 15:57:52.229  INFO 17191 --- [main] test.Application                         : No active profile set, falling back to default profiles: default
2019-09-20 15:57:53.157  INFO 17191 --- [main] o.s.b.w.embedded.tomcat.TomcatWebServer  : Tomcat initialized with port(s): 8080 (http)
2019-09-20 15:57:53.186  INFO 17191 --- [main] o.apache.catalina.core.StandardService   : Starting service [Tomcat]
2019-09-20 15:57:53.187  INFO 17191 --- [main] org.apache.catalina.core.StandardEngine  : Starting Servlet engine: [Apache Tomcat/9.0.21]
2019-09-20 15:57:53.292  INFO 17191 --- [main] o.a.c.c.C.[Tomcat].[localhost].[/]       : Initializing Spring embedded WebApplicationContext
2019-09-20 15:57:53.292  INFO 17191 --- [main] o.s.web.context.ContextLoader            : Root WebApplicationContext: initialization completed in 997 ms
2019-09-20 15:57:53.557  INFO 17191 --- [main] o.s.s.concurrent.ThreadPoolTaskExecutor  : Initializing ExecutorService 'applicationTaskExecutor'
2019-09-20 15:57:53.771  INFO 17191 --- [main] o.s.b.w.embedded.tomcat.TomcatWebServer  : Tomcat started on port(s): 8080 (http) with context path ''
2019-09-20 15:57:53.776  INFO 17191 --- [main] test.Application                         : Started Application in 2.278 seconds (JVM running for 5.888)
2019-09-20 15:57:59.273  INFO 17191 --- [http-nio-8080-exec-1] o.a.c.c.C.[Tomcat].[localhost].[/]       : Initializing Spring DispatcherServlet 'dispatcherServlet'
2019-09-20 15:57:59.273  INFO 17191 --- [http-nio-8080-exec-1] o.s.web.servlet.DispatcherServlet        : Initializing Servlet 'dispatcherServlet'
2019-09-20 15:57:59.284  INFO 17191 --- [http-nio-8080-exec-1] o.s.web.servlet.DispatcherServlet        : Completed initialization in 11 ms
2019-09-20 16:00:38.830  INFO 17191 --- [Thread-4] o.s.s.concurrent.ThreadPoolTaskExecutor  : Shutting down ExecutorService 'applicationTaskExecutor'
2019-09-20 16:00:43.438  INFO 17242 --- [main] test.Application                         : Starting Application on dcminideMacBook-Pro.local with PID 17242 (/Users/dcmini/Documents/study2/mygithub/spring-base-learn/02Simple/code/target/classes started by dcmini in /Users/dcmini/Documents/study2/mygithub/spring-base-learn/02Simple/code)
2019-09-20 16:00:43.442  INFO 17242 --- [main] test.Application                         : No active profile set, falling back to default profiles: default
2019-09-20 16:00:44.514  INFO 17242 --- [main] o.s.b.w.embedded.tomcat.TomcatWebServer  : Tomcat initialized with port(s): 8080 (http)
2019-09-20 16:00:44.548  INFO 17242 --- [main] o.apache.catalina.core.StandardService   : Starting service [Tomcat]
2019-09-20 16:00:44.549  INFO 17242 --- [main] org.apache.catalina.core.StandardEngine  : Starting Servlet engine: [Apache Tomcat/9.0.21]
2019-09-20 16:00:44.652  INFO 17242 --- [main] o.a.c.c.C.[Tomcat].[localhost].[/]       : Initializing Spring embedded WebApplicationContext
2019-09-20 16:00:44.653  INFO 17242 --- [main] o.s.web.context.ContextLoader            : Root WebApplicationContext: initialization completed in 1159 ms
2019-09-20 16:00:44.942  INFO 17242 --- [main] o.s.s.concurrent.ThreadPoolTaskExecutor  : Initializing ExecutorService 'applicationTaskExecutor'
2019-09-20 16:00:45.207  INFO 17242 --- [main] .s.s.UserDetailsServiceAutoConfiguration : 

Using generated security password: 8a769683-2388-4552-b6f0-1a8497cea2a3

2019-09-20 16:00:45.323  INFO 17242 --- [main] o.s.s.web.DefaultSecurityFilterChain     : Creating filter chain: any request, [org.springframework.security.web.context.request.async.WebAsyncManagerIntegrationFilter@7da5d1a3, org.springframework.security.web.context.SecurityContextPersistenceFilter@208dc333, org.springframework.security.web.header.HeaderWriterFilter@411b15df, org.springframework.security.web.csrf.CsrfFilter@50ca1255, org.springframework.security.web.authentication.logout.LogoutFilter@c5c65f5, org.springframework.security.web.authentication.UsernamePasswordAuthenticationFilter@713e9fc, org.springframework.security.web.authentication.ui.DefaultLoginPageGeneratingFilter@3a67c2cd, org.springframework.security.web.authentication.ui.DefaultLogoutPageGeneratingFilter@72a453a4, org.springframework.security.web.authentication.www.BasicAuthenticationFilter@726498a1, org.springframework.security.web.savedrequest.RequestCacheAwareFilter@504ebcce, org.springframework.security.web.servletapi.SecurityContextHolderAwareRequestFilter@1a410f6b, org.springframework.security.web.authentication.AnonymousAuthenticationFilter@1287a23f, org.springframework.security.web.session.SessionManagementFilter@128a0ed, org.springframework.security.web.access.ExceptionTranslationFilter@4f713a29, org.springframework.security.web.access.intercept.FilterSecurityInterceptor@293f39ff]
2019-09-20 16:00:45.428  INFO 17242 --- [main] o.s.b.w.embedded.tomcat.TomcatWebServer  : Tomcat started on port(s): 8080 (http) with context path ''
2019-09-20 16:00:45.433  INFO 17242 --- [main] test.Application                         : Started Application in 2.684 seconds (JVM running for 5.903)
2019-09-20 16:01:12.561  INFO 17242 --- [Thread-4] o.s.s.concurrent.ThreadPoolTaskExecutor  : Shutting down ExecutorService 'applicationTaskExecutor'
2019-09-20 16:01:17.092  INFO 17272 --- [main] test.Application                         : Starting Application on dcminideMacBook-Pro.local with PID 17272 (/Users/dcmini/Documents/study2/mygithub/spring-base-learn/02Simple/code/target/classes started by dcmini in /Users/dcmini/Documents/study2/mygithub/spring-base-learn/02Simple/code)
2019-09-20 16:01:17.097  INFO 17272 --- [main] test.Application                         : No active profile set, falling back to default profiles: default
2019-09-20 16:01:18.244  INFO 17272 --- [main] o.s.b.w.embedded.tomcat.TomcatWebServer  : Tomcat initialized with port(s): 8080 (http)
2019-09-20 16:01:18.280  INFO 17272 --- [main] o.apache.catalina.core.StandardService   : Starting service [Tomcat]
2019-09-20 16:01:18.280  INFO 17272 --- [main] org.apache.catalina.core.StandardEngine  : Starting Servlet engine: [Apache Tomcat/9.0.21]
2019-09-20 16:01:18.388  INFO 17272 --- [main] o.a.c.c.C.[Tomcat].[localhost].[/]       : Initializing Spring embedded WebApplicationContext
2019-09-20 16:01:18.388  INFO 17272 --- [main] o.s.web.context.ContextLoader            : Root WebApplicationContext: initialization completed in 1241 ms
2019-09-20 16:01:18.683  INFO 17272 --- [main] o.s.s.concurrent.ThreadPoolTaskExecutor  : Initializing ExecutorService 'applicationTaskExecutor'
2019-09-20 16:01:18.928  INFO 17272 --- [main] o.s.b.w.embedded.tomcat.TomcatWebServer  : Tomcat started on port(s): 8080 (http) with context path ''
2019-09-20 16:01:18.933  INFO 17272 --- [main] test.Application                         : Started Application in 2.352 seconds (JVM running for 5.503)
2019-09-20 16:03:02.772  INFO 17272 --- [Thread-4] o.s.s.concurrent.ThreadPoolTaskExecutor  : Shutting down ExecutorService 'applicationTaskExecutor'
2019-09-20 16:03:07.291  INFO 17312 --- [main] test.Application                         : Starting Application on dcminideMacBook-Pro.local with PID 17312 (/Users/dcmini/Documents/study2/mygithub/spring-base-learn/02Simple/code/target/classes started by dcmini in /Users/dcmini/Documents/study2/mygithub/spring-base-learn/02Simple/code)
2019-09-20 16:03:07.296  INFO 17312 --- [main] test.Application                         : No active profile set, falling back to default profiles: default
2019-09-20 16:03:08.287  INFO 17312 --- [main] o.s.b.w.embedded.tomcat.TomcatWebServer  : Tomcat initialized with port(s): 8080 (http)
2019-09-20 16:03:08.319  INFO 17312 --- [main] o.apache.catalina.core.StandardService   : Starting service [Tomcat]
2019-09-20 16:03:08.319  INFO 17312 --- [main] org.apache.catalina.core.StandardEngine  : Starting Servlet engine: [Apache Tomcat/9.0.21]
2019-09-20 16:03:08.418  INFO 17312 --- [main] o.a.c.c.C.[Tomcat].[localhost].[/]       : Initializing Spring embedded WebApplicationContext
2019-09-20 16:03:08.419  INFO 17312 --- [main] o.s.web.context.ContextLoader            : Root WebApplicationContext: initialization completed in 1066 ms
2019-09-20 16:03:08.684  INFO 17312 --- [main] o.s.s.concurrent.ThreadPoolTaskExecutor  : Initializing ExecutorService 'applicationTaskExecutor'
2019-09-20 16:03:09.035  INFO 17312 --- [main] o.s.s.web.DefaultSecurityFilterChain     : Creating filter chain: any request, [org.springframework.security.web.context.request.async.WebAsyncManagerIntegrationFilter@ae5b2d6, org.springframework.security.web.context.SecurityContextPersistenceFilter@1e5c2d11, org.springframework.security.web.header.HeaderWriterFilter@4c391267, org.springframework.security.web.csrf.CsrfFilter@2ea37535, org.springframework.security.web.authentication.logout.LogoutFilter@231e3ea, org.springframework.security.web.authentication.UsernamePasswordAuthenticationFilter@77ce8d05, org.springframework.security.web.authentication.ui.DefaultLoginPageGeneratingFilter@e36563a, org.springframework.security.web.authentication.ui.DefaultLogoutPageGeneratingFilter@23bc89f9, org.springframework.security.web.authentication.www.BasicAuthenticationFilter@58470b81, org.springframework.security.web.savedrequest.RequestCacheAwareFilter@422cdb1c, org.springframework.security.web.servletapi.SecurityContextHolderAwareRequestFilter@7440134c, org.springframework.security.web.authentication.AnonymousAuthenticationFilter@32c345af, org.springframework.security.web.session.SessionManagementFilter@7258641b, org.springframework.security.web.access.ExceptionTranslationFilter@1c2b37b3, org.springframework.security.web.access.intercept.FilterSecurityInterceptor@1cdccb95]
2019-09-20 16:03:09.121  INFO 17312 --- [main] o.s.b.w.embedded.tomcat.TomcatWebServer  : Tomcat started on port(s): 8080 (http) with context path ''
2019-09-20 16:03:09.125  INFO 17312 --- [main] test.Application                         : Started Application in 2.487 seconds (JVM running for 5.507)
2019-09-20 16:03:21.437  INFO 17312 --- [http-nio-8080-exec-1] o.a.c.c.C.[Tomcat].[localhost].[/]       : Initializing Spring DispatcherServlet 'dispatcherServlet'
2019-09-20 16:03:21.437  INFO 17312 --- [http-nio-8080-exec-1] o.s.web.servlet.DispatcherServlet        : Initializing Servlet 'dispatcherServlet'
2019-09-20 16:03:21.448  INFO 17312 --- [http-nio-8080-exec-1] o.s.web.servlet.DispatcherServlet        : Completed initialization in 11 ms
2019-09-20 16:06:01.039  INFO 17312 --- [Thread-4] o.s.s.concurrent.ThreadPoolTaskExecutor  : Shutting down ExecutorService 'applicationTaskExecutor'
2019-09-20 16:06:05.660  INFO 17348 --- [main] test.Application                         : Starting Application on dcminideMacBook-Pro.local with PID 17348 (/Users/dcmini/Documents/study2/mygithub/spring-base-learn/02Simple/code/target/classes started by dcmini in /Users/dcmini/Documents/study2/mygithub/spring-base-learn/02Simple/code)
2019-09-20 16:06:05.667  INFO 17348 --- [main] test.Application                         : No active profile set, falling back to default profiles: default
2019-09-20 16:06:06.621  INFO 17348 --- [main] o.s.b.w.embedded.tomcat.TomcatWebServer  : Tomcat initialized with port(s): 8080 (http)
2019-09-20 16:06:06.653  INFO 17348 --- [main] o.apache.catalina.core.StandardService   : Starting service [Tomcat]
2019-09-20 16:06:06.654  INFO 17348 --- [main] org.apache.catalina.core.StandardEngine  : Starting Servlet engine: [Apache Tomcat/9.0.21]
2019-09-20 16:06:06.761  INFO 17348 --- [main] o.a.c.c.C.[Tomcat].[localhost].[/]       : Initializing Spring embedded WebApplicationContext
2019-09-20 16:06:06.762  INFO 17348 --- [main] o.s.web.context.ContextLoader            : Root WebApplicationContext: initialization completed in 1038 ms
2019-09-20 16:06:07.063  INFO 17348 --- [main] o.s.s.concurrent.ThreadPoolTaskExecutor  : Initializing ExecutorService 'applicationTaskExecutor'
2019-09-20 16:06:07.419  INFO 17348 --- [main] o.s.s.web.DefaultSecurityFilterChain     : Creating filter chain: any request, [org.springframework.security.web.context.request.async.WebAsyncManagerIntegrationFilter@ced8e16, org.springframework.security.web.context.SecurityContextPersistenceFilter@682cf097, org.springframework.security.web.header.HeaderWriterFilter@adfef57, org.springframework.security.web.csrf.CsrfFilter@4379e074, org.springframework.security.web.authentication.logout.LogoutFilter@9d5894e, org.springframework.security.web.authentication.UsernamePasswordAuthenticationFilter@1cdbd41f, org.springframework.security.web.authentication.ui.DefaultLoginPageGeneratingFilter@2eff661a, org.springframework.security.web.authentication.ui.DefaultLogoutPageGeneratingFilter@63db50a3, org.springframework.security.web.authentication.www.BasicAuthenticationFilter@34e31cb7, org.springframework.security.web.savedrequest.RequestCacheAwareFilter@74eb4480, org.springframework.security.web.servletapi.SecurityContextHolderAwareRequestFilter@102161bf, org.springframework.security.web.authentication.AnonymousAuthenticationFilter@75024229, org.springframework.security.web.session.SessionManagementFilter@29eea431, org.springframework.security.web.access.ExceptionTranslationFilter@7659f093, org.springframework.security.web.access.intercept.FilterSecurityInterceptor@67aeac4]
2019-09-20 16:06:07.511  INFO 17348 --- [main] o.s.b.w.embedded.tomcat.TomcatWebServer  : Tomcat started on port(s): 8080 (http) with context path ''
2019-09-20 16:06:07.516  INFO 17348 --- [main] test.Application                         : Started Application in 2.578 seconds (JVM running for 5.687)
2019-09-20 16:06:10.449  INFO 17348 --- [http-nio-8080-exec-1] o.a.c.c.C.[Tomcat].[localhost].[/]       : Initializing Spring DispatcherServlet 'dispatcherServlet'
2019-09-20 16:06:10.449  INFO 17348 --- [http-nio-8080-exec-1] o.s.web.servlet.DispatcherServlet        : Initializing Servlet 'dispatcherServlet'
2019-09-20 16:06:10.472  INFO 17348 --- [http-nio-8080-exec-1] o.s.web.servlet.DispatcherServlet        : Completed initialization in 22 ms
2019-09-20 16:06:42.412  INFO 17348 --- [Thread-4] o.s.s.concurrent.ThreadPoolTaskExecutor  : Shutting down ExecutorService 'applicationTaskExecutor'
2019-09-20 16:06:46.994  INFO 17378 --- [main] test.Application                         : Starting Application on dcminideMacBook-Pro.local with PID 17378 (/Users/dcmini/Documents/study2/mygithub/spring-base-learn/02Simple/code/target/classes started by dcmini in /Users/dcmini/Documents/study2/mygithub/spring-base-learn/02Simple/code)
2019-09-20 16:06:46.998  INFO 17378 --- [main] test.Application                         : No active profile set, falling back to default profiles: default
2019-09-20 16:06:47.990  INFO 17378 --- [main] o.s.b.w.embedded.tomcat.TomcatWebServer  : Tomcat initialized with port(s): 8080 (http)
2019-09-20 16:06:48.023  INFO 17378 --- [main] o.apache.catalina.core.StandardService   : Starting service [Tomcat]
2019-09-20 16:06:48.024  INFO 17378 --- [main] org.apache.catalina.core.StandardEngine  : Starting Servlet engine: [Apache Tomcat/9.0.21]
2019-09-20 16:06:48.135  INFO 17378 --- [main] o.a.c.c.C.[Tomcat].[localhost].[/]       : Initializing Spring embedded WebApplicationContext
2019-09-20 16:06:48.135  INFO 17378 --- [main] o.s.web.context.ContextLoader            : Root WebApplicationContext: initialization completed in 1090 ms
2019-09-20 16:06:48.408  INFO 17378 --- [main] o.s.s.concurrent.ThreadPoolTaskExecutor  : Initializing ExecutorService 'applicationTaskExecutor'
2019-09-20 16:06:48.748  INFO 17378 --- [main] o.s.s.web.DefaultSecurityFilterChain     : Creating filter chain: any request, [org.springframework.security.web.context.request.async.WebAsyncManagerIntegrationFilter@7cd50ffe, org.springframework.security.web.context.SecurityContextPersistenceFilter@3d8fb956, org.springframework.security.web.header.HeaderWriterFilter@6c194bab, org.springframework.security.web.csrf.CsrfFilter@6d691ac8, org.springframework.security.web.authentication.logout.LogoutFilter@430599a6, org.springframework.security.web.authentication.UsernamePasswordAuthenticationFilter@681b5b09, org.springframework.security.web.authentication.ui.DefaultLoginPageGeneratingFilter@1af8773f, org.springframework.security.web.authentication.ui.DefaultLogoutPageGeneratingFilter@2a425a0c, org.springframework.security.web.authentication.www.BasicAuthenticationFilter@41d0eb0e, org.springframework.security.web.savedrequest.RequestCacheAwareFilter@6aff8ca7, org.springframework.security.web.servletapi.SecurityContextHolderAwareRequestFilter@5447c672, org.springframework.security.web.authentication.AnonymousAuthenticationFilter@4a170615, org.springframework.security.web.session.SessionManagementFilter@e01e8cc, org.springframework.security.web.access.ExceptionTranslationFilter@24380f44, org.springframework.security.web.access.intercept.FilterSecurityInterceptor@31fe073]
2019-09-20 16:06:48.843  INFO 17378 --- [main] o.s.b.w.embedded.tomcat.TomcatWebServer  : Tomcat started on port(s): 8080 (http) with context path ''
2019-09-20 16:06:48.847  INFO 17378 --- [main] test.Application                         : Started Application in 2.36 seconds (JVM running for 5.446)
2019-09-20 16:07:01.591  INFO 17378 --- [http-nio-8080-exec-2] o.a.c.c.C.[Tomcat].[localhost].[/]       : Initializing Spring DispatcherServlet 'dispatcherServlet'
2019-09-20 16:07:01.591  INFO 17378 --- [http-nio-8080-exec-2] o.s.web.servlet.DispatcherServlet        : Initializing Servlet 'dispatcherServlet'
2019-09-20 16:07:01.599  INFO 17378 --- [http-nio-8080-exec-2] o.s.web.servlet.DispatcherServlet        : Completed initialization in 8 ms
2019-09-20 16:34:38.888  INFO 17378 --- [Thread-4] o.s.s.concurrent.ThreadPoolTaskExecutor  : Shutting down ExecutorService 'applicationTaskExecutor'
